<?xml version="1.0" encoding="UTF-8"?>
<testng-results skipped="0" failed="0" ignored="0" total="1" passed="1">
  <reporter-output>
  </reporter-output>
  <suite name="Suite" duration-ms="42608" started-at="2018-03-21T08:36:42Z" finished-at="2018-03-21T08:37:24Z">
    <groups>
    </groups>
    <test name="iOSTest | htmriphone - iPhone SE" duration-ms="42608" started-at="2018-03-21T08:36:42Z" finished-at="2018-03-21T08:37:24Z">
      <class name="secondTest">
        <test-method status="PASS" signature="setUp(java.lang.String)[pri:0, instance:secondTest@48eff760]" name="setUp" is-config="true" duration-ms="31805" started-at="2018-03-21T08:36:42Z" finished-at="2018-03-21T08:37:13Z">
          <params>
            <param index="0">
              <value>
                <![CDATA[ff0aa048ab936447e8c9eef7635be6a2f8928772]]>
              </value>
            </param>
          </params>
          <reporter-output>
          </reporter-output>
        </test-method> <!-- setUp -->
        <test-method status="PASS" signature="testUntitled()[pri:0, instance:secondTest@48eff760]" name="testUntitled" duration-ms="10405" started-at="2018-03-21T08:37:13Z" finished-at="2018-03-21T08:37:24Z">
          <reporter-output>
          </reporter-output>
        </test-method> <!-- testUntitled -->
        <test-method status="PASS" signature="tearDown()[pri:0, instance:secondTest@48eff760]" name="tearDown" is-config="true" duration-ms="386" started-at="2018-03-21T08:37:24Z" finished-at="2018-03-21T08:37:24Z">
          <reporter-output>
          </reporter-output>
        </test-method> <!-- tearDown -->
      </class> <!-- secondTest -->
    </test> <!-- iOSTest | htmriphone - iPhone SE -->
  </suite> <!-- Suite -->
</testng-results>
